<?xml version="1.0" encoding="UTF-8"?>
<!-- Generated by org.testng.reporters.JUnitReportReporter -->
<testsuite hostname="HoangHuu" failures="0" tests="3" name="poly.edu.Lab8.SaveTestNGResultToExcel" time="11.041" errors="0" timestamp="2024-01-17T14:40:44 ICT" skipped="0">
  <testcase classname="poly.edu.Lab8.SaveTestNGResultToExcel" name="LaunchWebsite" time="4.794"/>
  <system-out/>
  <testcase classname="poly.edu.Lab8.SaveTestNGResultToExcel" name="FillLoginDetails" time="1.337"/>
  <system-out/>
  <testcase classname="poly.edu.Lab8.SaveTestNGResultToExcel" name="DoLogin" time="4.910"/>
  <system-out/>
</testsuite> <!-- poly.edu.Lab8.SaveTestNGResultToExcel -->
