<?xml version="1.0" encoding="UTF-8"?>
<!-- Generated by org.testng.reporters.JUnitReportReporter -->
<testsuite hostname="HoangHuu" failures="0" tests="2" name="poly.edu.Lab6.ParametersTesting" time="0.010" errors="0" timestamp="2023-04-11T17:38:35 ICT" skipped="0">
  <testcase classname="poly.edu.Lab6.ParametersTesting" name="OpenBrowser" time="0.001"/>
  <system-out/>
  <testcase classname="poly.edu.Lab6.ParametersTesting" name="FillLoginForm" time="0.009"/>
  <system-out/>
</testsuite> <!-- poly.edu.Lab6.ParametersTesting -->
