<?xml version="1.0" encoding="UTF-8"?>
<!-- Generated by org.testng.reporters.JUnitReportReporter -->
<testsuite hostname="HoangHuu" failures="0" tests="1" name="poly.edu.Lab6.LMS" time="1.856" errors="0" timestamp="2023-04-11T17:38:16 ICT" skipped="0">
  <testcase classname="poly.edu.Lab6.LMS" name="test" time="1.856"/>
  <system-out/>
</testsuite> <!-- poly.edu.Lab6.LMS -->
