<?xml version="1.0" encoding="UTF-8"?>
<!-- Generated by org.testng.reporters.JUnitReportReporter -->
<testsuite hostname="HoangHuu" failures="0" tests="3" name="poly.edu.Lab6.Testcase" time="0.011" errors="0" timestamp="2023-04-11T17:38:29 ICT" skipped="0">
  <testcase classname="poly.edu.Lab6.Testcase" name="test2" time="0.001"/>
  <system-out/>
  <testcase classname="poly.edu.Lab6.Testcase" name="beforeTest" time="0.007"/>
  <system-out/>
  <testcase classname="poly.edu.Lab6.Testcase" name="test1" time="0.003"/>
  <system-out/>
</testsuite> <!-- poly.edu.Lab6.Testcase -->
