<?xml version="1.0" encoding="UTF-8"?>
<!-- Generated by org.testng.reporters.JUnitReportReporter -->
<testsuite hostname="HoangHuu" failures="0" tests="1" name="poly.edu.Lab4.VatCalculatorTest" time="0.007" errors="0" timestamp="2023-03-23T17:35:12 ICT" skipped="0">
  <testcase classname="poly.edu.Lab4.VatCalculatorTest" name="testGetVatOnAmount" time="0.007"/>
  <system-out/>
</testsuite> <!-- poly.edu.Lab4.VatCalculatorTest -->
