<?xml version="1.0" encoding="UTF-8"?>
<!-- Generated by org.testng.reporters.JUnitReportReporter -->
<testsuite hostname="HoangHuu" failures="0" tests="2" name="poly.edu.Lab4.NewTest" time="0.010" errors="0" timestamp="2023-04-11T20:28:00 ICT" skipped="0">
  <testcase classname="poly.edu.Lab4.NewTest" name="test1" time="0.008"/>
  <system-out/>
  <testcase classname="poly.edu.Lab4.NewTest" name="testtong" time="0.002"/>
  <system-out/>
</testsuite> <!-- poly.edu.Lab4.NewTest -->
