<?xml version="1.0" encoding="UTF-8"?>
<!-- Generated by org.testng.reporters.JUnitReportReporter -->
<testsuite hostname="HoangHuu" failures="0" tests="1" name="poly.edu.Y5asg.FacebookLoginTest" time="7.349" errors="0" timestamp="2023-04-11T17:48:00 ICT" skipped="0">
  <testcase classname="poly.edu.Y5asg.FacebookLoginTest" name="testFacebookLogin" time="7.349"/>
  <system-out/>
</testsuite> <!-- poly.edu.Y5asg.FacebookLoginTest -->
