<?xml version="1.0" encoding="UTF-8"?>
<!-- Generated by org.testng.reporters.JUnitReportReporter -->
<testsuite hostname="HoangHuu" failures="0" tests="1" name="poly.edu.Lab5.fpoly" time="4.799" errors="0" timestamp="2023-03-28T20:07:54 ICT" skipped="0">
  <testcase classname="poly.edu.Lab5.fpoly" name="test2" time="4.799"/>
  <system-out/>
</testsuite> <!-- poly.edu.Lab5.fpoly -->
