<?xml version="1.0" encoding="UTF-8"?>
<!-- Generated by org.testng.reporters.JUnitReportReporter -->
<testsuite hostname="HoangHuu" failures="0" tests="2" name="fpoly.demoTwo" time="0.001" errors="0" timestamp="2023-04-11T16:58:17 ICT" skipped="0">
  <testcase classname="fpoly.demoTwo" name="firstTestCase" time="0.001"/>
  <system-out/>
  <testcase classname="fpoly.demoTwo" name="secondTestCase" time="0.000"/>
  <system-out/>
</testsuite> <!-- fpoly.demoTwo -->
