<?xml version="1.0" encoding="UTF-8"?>
<!-- Generated by org.testng.reporters.JUnitReportReporter -->
<testsuite hostname="HoangHuu" failures="0" tests="4" name="bai3.groupExamples" time="0.008" errors="0" timestamp="2023-03-28T17:58:37 ICT" skipped="0">
  <testcase classname="bai3.groupExamples" name="testCase3" time="0.000"/>
  <system-out/>
  <testcase classname="bai3.groupExamples" name="testCase4" time="0.000"/>
  <system-out/>
  <testcase classname="bai3.groupExamples" name="testCase1" time="0.007"/>
  <system-out/>
  <testcase classname="bai3.groupExamples" name="testCase2" time="0.001"/>
  <system-out/>
</testsuite> <!-- bai3.groupExamples -->
