<?xml version="1.0" encoding="UTF-8"?>
<!-- Generated by org.testng.reporters.JUnitReportReporter -->
<testsuite hostname="HoangHuu" failures="0" tests="1" name="poly.edu.Lab5.demo" time="1.410" errors="0" timestamp="2023-03-27T16:19:19 ICT" skipped="0">
  <testcase classname="poly.edu.Lab5.demo" name="test" time="1.410"/>
  <system-out/>
</testsuite> <!-- poly.edu.Lab5.demo -->
