<?xml version="1.0" encoding="UTF-8"?>
<!-- Generated by org.testng.reporters.JUnitReportReporter -->
<testsuite hostname="HoangHuu" failures="0" tests="2" name="fpoly.TestClass3" time="0.001" errors="0" timestamp="2023-04-11T17:39:31 ICT" skipped="0">
  <testcase classname="fpoly.TestClass3" name="d1" time="0.001"/>
  <system-out/>
  <testcase classname="fpoly.TestClass3" name="d2" time="0.000"/>
  <system-out/>
</testsuite> <!-- fpoly.TestClass3 -->
