<?xml version="1.0" encoding="UTF-8"?>
<!-- Generated by org.testng.reporters.JUnitReportReporter -->
<testsuite hostname="HoangHuu" failures="0" tests="12" name="fpoly.TestClass1" time="0.025" errors="0" timestamp="2023-04-11T17:39:31 ICT" skipped="0">
  <testcase classname="fpoly.TestClass1" name="t1" time="0.000"/>
  <system-out/>
  <testcase classname="fpoly.TestClass1" name="t3" time="0.002"/>
  <system-out/>
  <testcase classname="fpoly.TestClass1" name="t5" time="0.001"/>
  <system-out/>
  <testcase classname="fpoly.TestClass1" name="t2" time="0.000"/>
  <system-out/>
  <testcase classname="fpoly.TestClass1" name="t3" time="0.001"/>
  <system-out/>
  <testcase classname="fpoly.TestClass1" name="t2" time="0.002"/>
  <system-out/>
  <testcase classname="fpoly.TestClass1" name="t5" time="0.001"/>
  <system-out/>
  <testcase classname="fpoly.TestClass1" name="t5" time="0.000"/>
  <system-out/>
  <testcase classname="fpoly.TestClass1" name="t1" time="0.014"/>
  <system-out/>
  <testcase classname="fpoly.TestClass1" name="t4" time="0.002"/>
  <system-out/>
  <testcase classname="fpoly.TestClass1" name="t5" time="0.001"/>
  <system-out/>
  <testcase classname="fpoly.TestClass1" name="t4" time="0.001"/>
  <system-out/>
</testsuite> <!-- fpoly.TestClass1 -->
