<?xml version="1.0" encoding="UTF-8"?>
<!-- Generated by org.testng.reporters.JUnitReportReporter -->
<testsuite hostname="HoangHuu" failures="0" tests="2" name="fpoly.FactoryInstantiatedTestClass" time="0.002" errors="0" timestamp="2023-04-11T17:39:31 ICT" skipped="0">
  <testcase classname="fpoly.FactoryInstantiatedTestClass" name="f" time="0.001"/>
  <system-out/>
  <testcase classname="fpoly.FactoryInstantiatedTestClass" name="f" time="0.001"/>
  <system-out/>
</testsuite> <!-- fpoly.FactoryInstantiatedTestClass -->
