<?xml version="1.0" encoding="UTF-8"?>
<!-- Generated by org.testng.reporters.JUnitReportReporter -->
<testsuite hostname="HoangHuu" failures="0" tests="8" name="fpoly.TestClass2" time="0.006" errors="0" timestamp="2023-04-11T17:39:31 ICT" skipped="0">
  <testcase classname="fpoly.TestClass2" name="c1" time="0.001"/>
  <system-out/>
  <testcase classname="fpoly.TestClass2" name="c1" time="0.001"/>
  <system-out/>
  <testcase classname="fpoly.TestClass2" name="c2" time="0.001"/>
  <system-out/>
  <testcase classname="fpoly.TestClass2" name="c2" time="0.000"/>
  <system-out/>
  <testcase classname="fpoly.TestClass2" name="c4" time="0.001"/>
  <system-out/>
  <testcase classname="fpoly.TestClass2" name="c3" time="0.000"/>
  <system-out/>
  <testcase classname="fpoly.TestClass2" name="c3" time="0.001"/>
  <system-out/>
  <testcase classname="fpoly.TestClass2" name="c4" time="0.001"/>
  <system-out/>
</testsuite> <!-- fpoly.TestClass2 -->
