<?xml version="1.0" encoding="UTF-8"?>
<!-- Generated by org.testng.reporters.JUnitReportReporter -->
<testsuite hostname="HoangHuu" failures="0" tests="1" name="poly.edu.Thi.LoginMyapp" time="9.242" errors="0" timestamp="2023-04-18T16:04:49 ICT" skipped="0">
  <testcase classname="poly.edu.Thi.LoginMyapp" name="testLogin" time="9.242"/>
  <system-out/>
</testsuite> <!-- poly.edu.Thi.LoginMyapp -->
